[    0.000000] Initializing cgroup subsys cpuset
[    0.000000] Initializing cgroup subsys cpu
[    0.000000] Initializing cgroup subsys cpuacct
[    0.000000] Linux version 4.4.0-210-generic (buildd@lgw01-amd64-009) (gcc version 5.4.0 20160609 (Ubuntu 5.4.0-6ubuntu1~16.04.12) ) #242-Ubuntu SMP Fri Apr 16 09:57:56 UTC 2021 (Ubuntu 4.4.0-210.242-generic 4.4.262)
[    0.000000] Command line: BOOT_IMAGE=/boot/vmlinuz-4.4.0-210-generic root=LABEL=cloudimg-rootfs ro console=tty1 console=ttyS0
[    0.000000] KERNEL supported cpus:
[    0.000000]   Intel GenuineIntel
[    0.000000]   AMD AuthenticAMD
[    0.000000]   Centaur CentaurHauls
[    0.000000] [Firmware Bug]: TSC doesn't count with P0 frequency!
[    0.000000] x86/fpu: xstate_offset[2]:  576, xstate_sizes[2]:  256
[    0.000000] x86/fpu: Supporting XSAVE feature 0x01: 'x87 floating point registers'
[    0.000000] x86/fpu: Supporting XSAVE feature 0x02: 'SSE registers'
[    0.000000] x86/fpu: Supporting XSAVE feature 0x04: 'AVX registers'
[    0.000000] x86/fpu: Enabled xstate features 0x7, context size is 832 bytes, using 'standard' format.
[    0.000000] e820: BIOS-provided physical RAM map:
[    0.000000] BIOS-e820: [mem 0x0000000000000000-0x000000000009fbff] usable
[    0.000000] BIOS-e820: [mem 0x000000000009fc00-0x000000000009ffff] reserved
[    0.000000] BIOS-e820: [mem 0x00000000000f0000-0x00000000000fffff] reserved
[    0.000000] BIOS-e820: [mem 0x0000000000100000-0x000000007ffeffff] usable
[    0.000000] BIOS-e820: [mem 0x000000007fff0000-0x000000007fffffff] ACPI data
[    0.000000] BIOS-e820: [mem 0x00000000fec00000-0x00000000fec00fff] reserved
[    0.000000] BIOS-e820: [mem 0x00000000fee00000-0x00000000fee00fff] reserved
[    0.000000] BIOS-e820: [mem 0x00000000fffc0000-0x00000000ffffffff] reserved
[    0.000000] NX (Execute Disable) protection: active
[    0.000000] SMBIOS 2.5 present.
[    0.000000] Hypervisor detected: KVM
[    0.000000] Kernel/User page tables isolation: disabled
[    0.000000] e820: last_pfn = 0x7fff0 max_arch_pfn = 0x400000000
[    0.000000] MTRR: Disabled
[    0.000000] x86/PAT: MTRRs disabled, skipping PAT initialization too.
[    0.000000] CPU MTRRs all blank - virtualized system.
[    0.000000] x86/PAT: Configuration [0-7]: WB  WT  UC- UC  WB  WT  UC- UC  
[    0.000000] found SMP MP-table at [mem 0x0009fff0-0x0009ffff] mapped at [ffff88000009fff0]
[    0.000000] Scanning 1 areas for low memory corruption
[    0.000000] RAMDISK: [mem 0x362dc000-0x37165fff]
[    0.000000] ACPI: Early table checksum verification disabled
[    0.000000] ACPI: RSDP 0x00000000000E0000 000024 (v02 VBOX  )
[    0.000000] ACPI: XSDT 0x000000007FFF0030 00003C (v01 VBOX   VBOXXSDT 00000001 ASL  00000061)
[    0.000000] ACPI: FACP 0x000000007FFF00F0 0000F4 (v04 VBOX   VBOXFACP 00000001 ASL  00000061)
[    0.000000] ACPI: DSDT 0x000000007FFF0470 002325 (v02 VBOX   VBOXBIOS 00000002 INTL 20100528)
[    0.000000] ACPI: FACS 0x000000007FFF0200 000040
[    0.000000] ACPI: FACS 0x000000007FFF0200 000040
[    0.000000] ACPI: APIC 0x000000007FFF0240 00005C (v02 VBOX   VBOXAPIC 00000001 ASL  00000061)
[    0.000000] ACPI: SSDT 0x000000007FFF02A0 0001CC (v01 VBOX   VBOXCPUT 00000002 INTL 20100528)
[    0.000000] No NUMA configuration found
[    0.000000] Faking a node at [mem 0x0000000000000000-0x000000007ffeffff]
[    0.000000] NODE_DATA(0) allocated [mem 0x7ffeb000-0x7ffeffff]
[    0.000000] kvm-clock: Using msrs 4b564d01 and 4b564d00
[    0.000000] kvm-clock: cpu 0, msr 0:7ffe3001, primary cpu clock
[    0.000000] kvm-clock: using sched offset of 3422149739 cycles
[    0.000000] clocksource: kvm-clock: mask: 0xffffffffffffffff max_cycles: 0x1cd42e4dffb, max_idle_ns: 881590591483 ns
[    0.000000] Zone ranges:
[    0.000000]   DMA      [mem 0x0000000000001000-0x0000000000ffffff]
[    0.000000]   DMA32    [mem 0x0000000001000000-0x000000007ffeffff]
[    0.000000]   Normal   empty
[    0.000000]   Device   empty
[    0.000000] Movable zone start for each node
[    0.000000] Early memory node ranges
[    0.000000]   node   0: [mem 0x0000000000001000-0x000000000009efff]
[    0.000000]   node   0: [mem 0x0000000000100000-0x000000007ffeffff]
[    0.000000] Initmem setup node 0 [mem 0x0000000000001000-0x000000007ffeffff]
[    0.000000] ACPI: PM-Timer IO Port: 0x4008
[    0.000000] IOAPIC[0]: apic_id 2, version 32, address 0xfec00000, GSI 0-23
[    0.000000] ACPI: INT_SRC_OVR (bus 0 bus_irq 0 global_irq 2 dfl dfl)
[    0.000000] ACPI: INT_SRC_OVR (bus 0 bus_irq 9 global_irq 9 low level)
[    0.000000] Using ACPI (MADT) for SMP configuration information
[    0.000000] smpboot: Allowing 2 CPUs, 0 hotplug CPUs
[    0.000000] PM: Registered nosave memory: [mem 0x00000000-0x00000fff]
[    0.000000] PM: Registered nosave memory: [mem 0x0009f000-0x0009ffff]
[    0.000000] PM: Registered nosave memory: [mem 0x000a0000-0x000effff]
[    0.000000] PM: Registered nosave memory: [mem 0x000f0000-0x000fffff]
[    0.000000] e820: [mem 0x80000000-0xfebfffff] available for PCI devices
[    0.000000] Booting paravirtualized kernel on KVM
[    0.000000] clocksource: refined-jiffies: mask: 0xffffffff max_cycles: 0xffffffff, max_idle_ns: 7645519600211568 ns
[    0.000000] setup_percpu: NR_CPUS:512 nr_cpumask_bits:512 nr_cpu_ids:2 nr_node_ids:1
[    0.000000] PERCPU: Embedded 33 pages/cpu @ffff88007fc00000 s95192 r8192 d31784 u1048576
[    0.000000] Built 1 zonelists in Node order, mobility grouping on.  Total pages: 515960
[    0.000000] Policy zone: DMA32
[    0.000000] Kernel command line: BOOT_IMAGE=/boot/vmlinuz-4.4.0-210-generic root=LABEL=cloudimg-rootfs ro console=tty1 console=ttyS0
[    0.000000] PID hash table entries: 4096 (order: 3, 32768 bytes)
[    0.000000] Memory: 2029984K/2096696K available (8644K kernel code, 1332K rwdata, 4044K rodata, 1492K init, 1164K bss, 66712K reserved, 0K cma-reserved)
[    0.000000] SLUB: HWalign=64, Order=0-3, MinObjects=0, CPUs=2, Nodes=1
[    0.000000] Hierarchical RCU implementation.
[    0.000000] 	Build-time adjustment of leaf fanout to 64.
[    0.000000] 	RCU restricting CPUs from NR_CPUS=512 to nr_cpu_ids=2.
[    0.000000] RCU: Adjusting geometry for rcu_fanout_leaf=64, nr_cpu_ids=2
[    0.000000] NR_IRQS:33024 nr_irqs:440 16
[    0.000000] Console: colour VGA+ 80x25
[    0.000000] console [tty1] enabled
[    0.000000] console [ttyS0] enabled
[    0.000000] tsc: Detected 3194.002 MHz processor
[    0.175072] Calibrating delay loop (skipped) preset value.. 6388.00 BogoMIPS (lpj=12776008)
[    0.176835] pid_max: default: 32768 minimum: 301
[    0.177808] ACPI: Core revision 20150930
[    0.179830] ACPI: 2 ACPI AML tables successfully acquired and loaded
[    0.181363] Security Framework initialized
[    0.182274] Yama: becoming mindful.
[    0.183111] AppArmor: AppArmor initialized
[    0.185475] Dentry cache hash table entries: 262144 (order: 9, 2097152 bytes)
[    0.187232] Inode-cache hash table entries: 131072 (order: 8, 1048576 bytes)
[    0.188705] Mount-cache hash table entries: 4096 (order: 3, 32768 bytes)
[    0.189944] Mountpoint-cache hash table entries: 4096 (order: 3, 32768 bytes)
[    0.192809] Initializing cgroup subsys io
[    0.193716] Initializing cgroup subsys memory
[    0.194675] Initializing cgroup subsys devices
[    0.195591] Initializing cgroup subsys freezer
[    0.196531] Initializing cgroup subsys net_cls
[    0.197460] Initializing cgroup subsys perf_event
[    0.198446] Initializing cgroup subsys net_prio
[    0.199392] Initializing cgroup subsys hugetlb
[    0.200362] Initializing cgroup subsys pids
[    0.201588] mce: CPU supports 0 MCE banks
[    0.202645] Last level iTLB entries: 4KB 512, 2MB 512, 4MB 256
[    0.203830] Last level dTLB entries: 4KB 2048, 2MB 2048, 4MB 1024, 1GB 0
[    0.205163] Spectre V1 : Mitigation: usercopy/swapgs barriers and __user pointer sanitization
[    0.207011] Spectre V2 : Spectre mitigation: LFENCE not serializing, switching to generic retpoline
[    0.208905] Spectre V2 : Mitigation: Full generic retpoline
[    0.210042] Spectre V2 : Spectre v2 / SpectreRSB mitigation: Filling RSB on context switch
[    0.211838] Speculative Store Bypass: Vulnerable
[    0.215839] Freeing SMP alternatives memory: 36K
[    0.224139] ftrace: allocating 32380 entries in 127 pages
[    0.295985] smpboot: APIC(0) Converting physical 0 to logical package 0
[    0.298623] smpboot: Max logical packages: 1
[    0.301624] x2apic enabled
[    0.303147] Switched APIC routing to physical x2apic.
[    0.306395] ..TIMER: vector=0x30 apic1=0 pin1=2 apic2=-1 pin2=-1
[    0.416132] APIC calibration not consistent with PM-Timer: 133ms instead of 100ms
[    0.418229] APIC delta adjusted to PM-Timer: 6436660 (8605752)
[    0.421239] smpboot: CPU0: AMD Ryzen 7 5800H with Radeon Graphics (family: 0x19, model: 0x50, stepping: 0x0)
[    0.424504] Performance Events: Broken PMU hardware detected, using software events only.
[    0.427158] Failed to access perfctr msr (MSR c0010007 is 0)
[    0.436840] KVM setup paravirtual spinlock
[    0.439170] x86: Booting SMP configuration:
[    0.440352] .... node  #0, CPUs:      #1
[    0.441537] kvm-clock: cpu 1, msr 0:7ffe3041, secondary cpu clock
[    0.442926] mce: CPU supports 0 MCE banks
[    0.445669] x86: Booted up 1 node, 2 CPUs
[    0.447124] smpboot: Total of 2 processors activated (12776.00 BogoMIPS)
[    0.449519] devtmpfs: initialized
[    0.451832] evm: security.selinux
[    0.452810] evm: security.SMACK64
[    0.453637] evm: security.SMACK64EXEC
[    0.454535] evm: security.SMACK64TRANSMUTE
[    0.455449] evm: security.SMACK64MMAP
[    0.456307] evm: security.ima
[    0.457061] evm: security.capability
[    0.458118] clocksource: jiffies: mask: 0xffffffff max_cycles: 0xffffffff, max_idle_ns: 7645041785100000 ns
[    0.460218] futex hash table entries: 512 (order: 3, 32768 bytes)
[    0.461594] pinctrl core: initialized pinctrl subsystem
[    0.462824] RTC time:  6:26:10, date: 06/28/22
[    0.463945] NET: Registered protocol family 16
[    0.474073] cpuidle: using governor ladder
[    0.486892] cpuidle: using governor menu
[    0.488076] PCCT header not found.
[    0.489399] ACPI: bus type PCI registered
[    0.490461] acpiphp: ACPI Hot Plug PCI Controller Driver version: 0.5
[    0.492285] PCI: Using configuration type 1 for base access
[    0.493738] PCI: Using configuration type 1 for extended access
[    0.510030] ACPI: Added _OSI(Module Device)
[    0.511371] ACPI: Added _OSI(Processor Device)
[    0.512663] ACPI: Added _OSI(3.0 _SCP Extensions)
[    0.513966] ACPI: Added _OSI(Processor Aggregator Device)
[    0.516232] ACPI: Executed 1 blocks of module-level executable AML code
[    0.520518] ACPI: Interpreter enabled
[    0.521636] ACPI: (supports S0 S5)
[    0.522697] ACPI: Using IOAPIC for interrupt routing
[    0.524247] PCI: Using host bridge windows from ACPI; if necessary, use "pci=nocrs" and report a bug
[    0.531185] ACPI: PCI Root Bridge [PCI0] (domain 0000 [bus 00-ff])
[    0.532876] acpi PNP0A03:00: _OSC: OS supports [ExtendedConfig ASPM ClockPM Segments MSI]
[    0.535928] acpi PNP0A03:00: _OSC: platform does not support [PCIeCapability]
[    0.537704] acpi PNP0A03:00: _OSC: not requesting control; platform does not support [PCIeCapability]
[    0.539841] acpi PNP0A03:00: _OSC: OS requested [PCIeHotplug PME AER PCIeCapability]
[    0.541987] acpi PNP0A03:00: _OSC: platform willing to grant [PCIeHotplug PME AER]
[    0.543748] acpi PNP0A03:00: _OSC failed (AE_SUPPORT); disabling ASPM
[    0.557798] PCI host bridge to bus 0000:00
[    0.558874] pci_bus 0000:00: root bus resource [io  0x0000-0x0cf7 window]
[    0.560244] pci_bus 0000:00: root bus resource [io  0x0d00-0xffff window]
[    0.561640] pci_bus 0000:00: root bus resource [mem 0x000a0000-0x000bffff window]
[    0.563416] pci_bus 0000:00: root bus resource [mem 0x80000000-0xfdffffff window]
[    0.565157] pci_bus 0000:00: root bus resource [bus 00-ff]
[    0.568316] pci 0000:00:01.1: legacy IDE quirk: reg 0x10: [io  0x01f0-0x01f7]
[    0.570030] pci 0000:00:01.1: legacy IDE quirk: reg 0x14: [io  0x03f6]
[    0.571388] pci 0000:00:01.1: legacy IDE quirk: reg 0x18: [io  0x0170-0x0177]
[    0.572801] pci 0000:00:01.1: legacy IDE quirk: reg 0x1c: [io  0x0376]
[    0.587942] pci 0000:00:07.0: quirk: [io  0x4000-0x403f] claimed by PIIX4 ACPI
[    0.589710] pci 0000:00:07.0: quirk: [io  0x4100-0x410f] claimed by PIIX4 SMB
[    0.599767] ACPI: PCI Interrupt Link [LNKA] (IRQs 5 9 10 *11)
[    0.601634] ACPI: PCI Interrupt Link [LNKB] (IRQs 5 9 *10 11)
[    0.603410] ACPI: PCI Interrupt Link [LNKC] (IRQs 5 *9 10 11)
[    0.605066] ACPI: PCI Interrupt Link [LNKD] (IRQs 5 9 10 *11)
[    0.606795] ACPI: Enabled 2 GPEs in block 00 to 07
[    0.608466] vgaarb: setting as boot device: PCI:0000:00:02.0
[    0.609619] vgaarb: device added: PCI:0000:00:02.0,decodes=io+mem,owns=io+mem,locks=none
[    0.611413] vgaarb: loaded
[    0.612135] vgaarb: bridge control possible 0000:00:02.0
[    0.613443] SCSI subsystem initialized
[    0.614691] ACPI: bus type USB registered
[    0.615635] usbcore: registered new interface driver usbfs
[    0.616773] usbcore: registered new interface driver hub
[    0.617941] usbcore: registered new device driver usb
[    0.619339] PCI: Using ACPI for IRQ routing
[    0.620594] NetLabel: Initializing
[    0.621426] NetLabel:  domain hash size = 128
[    0.622414] NetLabel:  protocols = UNLABELED CIPSOv4
[    0.623497] NetLabel:  unlabeled traffic allowed by default
[    0.624867] amd_nb: Cannot enumerate AMD northbridges
[    0.626026] clocksource: Switched to clocksource kvm-clock
[    0.634762] AppArmor: AppArmor Filesystem Enabled
[    0.635909] pnp: PnP ACPI init
[    0.637439] pnp: PnP ACPI: found 3 devices
[    0.647034] clocksource: acpi_pm: mask: 0xffffff max_cycles: 0xffffff, max_idle_ns: 2085701024 ns
[    0.649065] NET: Registered protocol family 2
[    0.650201] TCP established hash table entries: 16384 (order: 5, 131072 bytes)
[    0.651937] TCP bind hash table entries: 16384 (order: 6, 262144 bytes)
[    0.653503] TCP: Hash tables configured (established 16384 bind 16384)
[    0.654855] UDP hash table entries: 1024 (order: 3, 32768 bytes)
[    0.656091] UDP-Lite hash table entries: 1024 (order: 3, 32768 bytes)
[    0.657418] NET: Registered protocol family 1
[    0.658423] pci 0000:00:00.0: Limiting direct PCI/PCI transfers
[    0.659765] pci 0000:00:01.0: Activating ISA DMA hang workarounds
[    0.661136] Unpacking initramfs...
[    0.885008] Freeing initrd memory: 14888K
[    0.886715] clocksource: tsc: mask: 0xffffffffffffffff max_cycles: 0x2e0a27ea444, max_idle_ns: 440795348232 ns
[    0.889040] platform rtc_cmos: registered platform RTC device (no PNP device found)
[    0.890871] Scanning for low memory corruption every 60 seconds
[    0.892591] audit: initializing netlink subsys (disabled)
[    0.893732] audit: type=2000 audit(1656397575.792:1): initialized
[    0.895268] Initialise system trusted keyring
[    0.896512] HugeTLB registered 2 MB page size, pre-allocated 0 pages
[    0.898804] zbud: loaded
[    0.899874] VFS: Disk quotas dquot_6.6.0
[    0.900839] VFS: Dquot-cache hash table entries: 512 (order 0, 4096 bytes)
[    0.902480] squashfs: version 4.0 (2009/01/31) Phillip Lougher
[    0.904078] fuse init (API version 7.23)
[    0.905269] Key type big_key registered
[    0.906196] Allocating IMA MOK and blacklist keyrings.
[    0.908770] Key type asymmetric registered
[    0.909780] Asymmetric key parser 'x509' registered
[    0.910908] Block layer SCSI generic (bsg) driver version 0.4 loaded (major 249)
[    0.912790] io scheduler noop registered
[    0.913726] io scheduler deadline registered (default)
[    0.914925] io scheduler cfq registered
[    0.915905] pci_hotplug: PCI Hot Plug PCI Core version: 0.5
[    0.917067] pciehp: PCI Express Hot Plug Controller Driver version: 0.4
[    0.918707] ACPI: AC Adapter [AC] (off-line)
[    0.919667] input: Power Button as /devices/LNXSYSTM:00/LNXPWRBN:00/input/input0
[    0.921325] ACPI: Power Button [PWRF]
[    0.922416] input: Sleep Button as /devices/LNXSYSTM:00/LNXSLPBN:00/input/input1
[    0.924150] ACPI: Sleep Button [SLPF]
[    0.925242] GHES: HEST is not enabled!
[    0.925948] ACPI: Battery Slot [BAT0] (battery present)
[    0.927347] Serial: 8250/16550 driver, 32 ports, IRQ sharing enabled
[    0.949190] 00:02: ttyS0 at I/O 0x3f8 (irq = 4, base_baud = 115200) is a 16550A
[    0.954307] Linux agpgart interface v0.103
[    0.957832] loop: module loaded
[    0.959388] scsi host0: ata_piix
[    0.960373] scsi host1: ata_piix
[    0.961385] ata1: PATA max UDMA/33 cmd 0x1f0 ctl 0x3f6 bmdma 0xd000 irq 14
[    0.963114] ata2: PATA max UDMA/33 cmd 0x170 ctl 0x376 bmdma 0xd008 irq 15
[    0.964804] libphy: Fixed MDIO Bus: probed
[    0.965875] tun: Universal TUN/TAP device driver, 1.6
[    0.967038] tun: (C) 1999-2004 Max Krasnyansky <maxk@qualcomm.com>
[    0.968578] PPP generic driver version 2.4.2
[    0.969703] ehci_hcd: USB 2.0 'Enhanced' Host Controller (EHCI) Driver
[    0.971113] ehci-pci: EHCI PCI platform driver
[    0.972133] ehci-platform: EHCI generic platform driver
[    0.973268] ohci_hcd: USB 1.1 'Open' Host Controller (OHCI) Driver
[    0.974541] ohci-pci: OHCI PCI platform driver
[    0.975565] ohci-platform: OHCI generic platform driver
[    0.976671] uhci_hcd: USB Universal Host Controller Interface driver
[    0.977995] i8042: PNP: PS/2 Controller [PNP0303:PS2K,PNP0f03:PS2M] at 0x60,0x64 irq 1,12
[    0.980385] serio: i8042 KBD port at 0x60,0x64 irq 1
[    0.981484] serio: i8042 AUX port at 0x60,0x64 irq 12
[    0.982765] mousedev: PS/2 mouse device common for all mice
[    0.986284] input: AT Translated Set 2 keyboard as /devices/platform/i8042/serio0/input/input2
[    0.988771] rtc_cmos rtc_cmos: rtc core: registered rtc_cmos as rtc0
[    0.990512] rtc_cmos rtc_cmos: alarms up to one day, 114 bytes nvram
[    0.992122] i2c /dev entries driver
[    0.993235] device-mapper: uevent: version 1.0.3
[    0.994404] device-mapper: ioctl: 4.34.0-ioctl (2015-10-28) initialised: dm-devel@redhat.com
[    0.996244] ledtrig-cpu: registered to indicate activity on CPUs
[    0.998319] NET: Registered protocol family 10
[    0.999554] NET: Registered protocol family 17
[    1.000554] Key type dns_resolver registered
[    1.002160] registered taskstats version 1
[    1.003133] Loading compiled-in X.509 certificates
[    1.004698] Loaded X.509 cert 'Build time autogenerated kernel key: cf00e047681d67edb2720680708b7d9498083038'
[    1.006815] zswap: loaded using pool lzo/zbud
[    1.009595] Key type trusted registered
[    1.013665] Key type encrypted registered
[    1.014616] AppArmor: AppArmor sha1 policy hashing enabled
[    1.015896] ima: No TPM chip found, activating TPM-bypass!
[    1.017068] ima: Allocated hash algorithm: sha1
[    1.018119] evm: HMAC attrs: 0x1
[    1.019413]   Magic number: 10:114:419
[    1.020594] rtc_cmos rtc_cmos: setting system clock to 2022-06-28 06:26:11 UTC (1656397571)
[    1.022806] BIOS EDD facility v0.16 2004-Jun-25, 0 devices found
[    1.024105] EDD information not available.
[    1.596765] Freeing unused kernel memory: 1492K
[    1.598766] Write protecting the kernel read-only data: 14336k
[    1.602149] Freeing unused kernel memory: 1584K
[    1.604430] Freeing unused kernel memory: 52K
Loading, please [    1.634975] random: udevadm: uninitialized urandom read (16 bytes read, 2 bits of entropy available)
wait...
starting version 229
[    1.640367] random: systemd-udevd: uninitialized urandom read (16 bytes read, 4 bits of entropy available)
[    1.640465] random: systemd-udevd: uninitialized urandom read (16 bytes read, 4 bits of entropy available)
[    1.640481] random: systemd-udevd: uninitialized urandom read (16 bytes read, 4 bits of entropy available)
[    1.640502] random: systemd-udevd: uninitialized urandom read (16 bytes read, 4 bits of entropy available)
[    1.709760] random: udevadm: uninitialized urandom read (16 bytes read, 4 bits of entropy available)
[    1.730165] random: systemd-udevd: uninitialized urandom read (16 bytes read, 4 bits of entropy available)
[    1.731622] random: udevadm: uninitialized urandom read (16 bytes read, 4 bits of entropy available)
[    1.731680] random: udevadm: uninitialized urandom read (16 bytes read, 4 bits of entropy available)
[    1.731863] random: udevadm: uninitialized urandom read (16 bytes read, 4 bits of entropy available)
[    1.780949] e1000: Intel(R) PRO/1000 Network Driver - version 7.3.21-k8-NAPI
[    1.786121] e1000: Copyright (c) 1999-2006 Intel Corporation.
[    1.793660] Fusion MPT base driver 3.04.20
[    1.795350] Copyright (c) 1999-2008 LSI Corporation
[    1.809403] AVX2 version of gcm_enc/dec engaged.
[    1.810769] AES CTR mode by8 optimization enabled
[    1.815193] Fusion MPT SPI Host driver 3.04.20
[    2.005069] input: ImExPS/2 Generic Explorer Mouse as /devices/platform/i8042/serio1/input/input4
[    2.183830] e1000 0000:00:03.0 eth0: (PCI:33MHz:32-bit) 02:be:82:6b:cc:1d
[    2.185321] e1000 0000:00:03.0 eth0: Intel(R) PRO/1000 Network Connection
[    2.547874] e1000 0000:00:08.0 eth1: (PCI:33MHz:32-bit) 08:00:27:96:55:66
[    2.549328] e1000 0000:00:08.0 eth1: Intel(R) PRO/1000 Network Connection
[    2.551676] mptbase: ioc0: Initiating bringup
[    2.552176] e1000 0000:00:08.0 enp0s8: renamed from eth1
[    2.575268] e1000 0000:00:03.0 enp0s3: renamed from eth0
[    2.848808] ioc0: LSI53C1030 A0: Capabilities={Initiator}
[    3.012454] scsi host2: ioc0: LSI53C1030 A0, FwRev=00000000h, Ports=1, MaxQ=256, IRQ=20
[    3.236312] scsi 2:0:0:0: Direct-Access     VBOX     HARDDISK         1.0  PQ: 0 ANSI: 5
[    3.238421] scsi target2:0:0: Beginning Domain Validation
[    3.240945] scsi target2:0:0: Domain Validation skipping write tests
[    3.242249] scsi target2:0:0: Ending Domain Validation
[    3.243451] scsi target2:0:0: asynchronous
[    3.244936] scsi 2:0:1:0: Direct-Access     VBOX     HARDDISK         1.0  PQ: 0 ANSI: 5
[    3.246919] scsi target2:0:1: Beginning Domain Validation
[    3.248877] scsi target2:0:1: Domain Validation skipping write tests
[    3.250340] scsi target2:0:1: Ending Domain Validation
[    3.251530] scsi target2:0:1: asynchronous
[    3.259099] sd 2:0:0:0: Attached scsi generic sg0 type 0
[    3.260659] sd 2:0:1:0: Attached scsi generic sg1 type 0
[    3.260956] sd 2:0:0:0: [sda] 83886080 512-byte logical blocks: (42.9 GB/40.0 GiB)
[    3.265680] sd 2:0:1:0: [sdb] 20480 512-byte logical blocks: (10.5 MB/10.0 MiB)
[    3.267725] sd 2:0:0:0: [sda] Write Protect is off
[    3.267875] sd 2:0:1:0: [sdb] Write Protect is off
[    3.267976] sd 2:0:1:0: [sdb] Incomplete mode parameter data
[    3.267978] sd 2:0:1:0: [sdb] Assuming drive cache: write through
[    3.270014] sd 2:0:1:0: [sdb] Attached SCSI disk
[    3.274555] sd 2:0:0:0: [sda] Incomplete mode parameter data
[    3.275765] sd 2:0:0:0: [sda] Assuming drive cache: write through
[    3.278488]  sda: sda1
[    3.280046] sd 2:0:0:0: [sda] Attached SCSI disk
Begin: Loading essential drivers ... [    4.745345] md: linear personality registered for level -1
[    4.748666] md: multipath personality registered for level -4
[    4.752350] md: raid0 personality registered for level 0
[    4.756390] md: raid1 personality registered for level 1
[    4.826195] raid6: sse2x1   gen()  3824 MB/s
[    4.894588] raid6: sse2x1   xor()  7086 MB/s
[    4.962975] raid6: sse2x2   gen()  8680 MB/s
[    5.030397] raid6: sse2x2   xor() 10083 MB/s
[    5.098819] raid6: sse2x4   gen() 11652 MB/s
[    5.166385] raid6: sse2x4   xor()  6249 MB/s
[    5.237322] raid6: avx2x1   gen()  7500 MB/s
[    5.307013] raid6: avx2x2   gen() 17135 MB/s
[    5.374353] raid6: avx2x4   gen() 21772 MB/s
[    5.375392] raid6: using algorithm avx2x4 gen() 21772 MB/s
[    5.376629] raid6: using avx2x2 recovery algorithm
[    5.378845] xor: automatically using best checksumming function:
[    5.418344]    avx       : 10959.000 MB/sec
[    5.420291] async_tx: api initialized (async)
[    5.428657] md: raid6 personality registered for level 6
[    5.429813] md: raid5 personality registered for level 5
[    5.431157] md: raid4 personality registered for level 4
[    5.438115] md: raid10 personality registered for level 10
done.
Begin: Running /scripts/init-premount ... done.
Begin: Mounting root file system ... Begin: Running /scripts/local-top ... done.
Begin: Running /scripts/local-premount ... [    5.467850] Btrfs loaded
Scanning for Btrfs filesystems
done.
Warning: fsck not present, so skipping root file system
[    5.499084] EXT4-fs (sda1): mounted filesystem with ordered data mode. Opts: (null)
done.
Begin: Running /scripts/local-bottom ... done.
Begin: Running /scripts/init-bottom ... done.
[    5.593633] systemd[1]: systemd 229 running in system mode. (+PAM +AUDIT +SELINUX +IMA +APPARMOR +SMACK +SYSVINIT +UTMP +LIBCRYPTSETUP +GCRYPT +GNUTLS +ACL +XZ -LZ4 +SECCOMP +BLKID +ELFUTILS +KMOD -IDN)
[    5.597274] systemd[1]: Detected virtualization oracle.
[    5.598540] systemd[1]: Detected architecture x86-64.

Welcome to [1mUbuntu 16.04.7 LTS[0m!

[    5.602050] systemd[1]: Set hostname to <ubuntu>.
[    5.604860] systemd[1]: Initializing machine ID from random generator.
[    5.606225] systemd[1]: Installed transient /etc/machine-id file.
[    5.740882] systemd[1]: Started Forward Password Requests to Wall Directory Watch.
[[0;32m  OK  [0m] Started Forward Password Requests to Wall Directory Watch.
[    5.743689] systemd[1]: Listening on Syslog Socket.
[[0;32m  OK  [0m] Listening on Syslog Socket.
[    5.745754] systemd[1]: Created slice System Slice.
[[0;32m  OK  [0m] Created slice System Slice.
[    5.747752] systemd[1]: Listening on Journal Audit Socket.
[[0;32m  OK  [0m] Listening on Journal Audit Socket.
[    5.755070] systemd[1]: Listening on Journal Socket.
[[0;32m  OK  [0m] Listening on Journal Socket.
[    5.779010] systemd[1]: Mounting POSIX Message Queue File System...
         Mounting POSIX Message Queue File System...
[    5.790942] systemd[1]: Mounting Huge Pages File System...
         Mounting Huge Pages File System...
[    5.794143] systemd[1]: Starting Uncomplicated firewall...
         Starting Uncomplicated firewall...
[    5.797173] systemd[1]: Starting Set console keymap...
         Starting Set console keymap...
[    5.799781] systemd[1]: Listening on udev Control Socket.
[[0;32m  OK  [0m] Listening on udev Control Socket.
[    5.802318] systemd[1]: Reached target System Time Synchronized.
[[0;32m  OK  [0m] Reached target System Time Synchronized.
[    5.806208] systemd[1]: Starting Load Kernel Modules...
         Starting Load Kernel Modules...
[    5.808417] systemd[1]: Reached target User and Group Name Lookups.
[[0;32m  OK  [0m] Reached target User and Group Name Lookups.
[    5.811147] systemd[1]: Listening on LVM2 metadata daemon socket.
[[0;32m  OK  [0m] Listening on LVM2 metadata daemon socket.
[    5.816321] systemd[1]: Starting Nameserver information manager...
         Starting Nameserver information manager...
[    5.819392] systemd[1]: Listening on udev Kernel Socket.
[[0;32m  OK  [0m] Listening on udev Kernel Socket.
[    5.822219] systemd[1]: Listening on Journal Socket (/dev/log).
[[0;32m  OK  [0m] Listening on Journal Socket (/dev/log).
[    5.825828] systemd[1]: Starting Journal Service...
[    5.829516] Loading iSCSI transport class v2.0-870.
         Starting Journal Service...
[    5.833224] systemd[1]: Starting Create list of required static device nodes for the current kernel...
         Starting Create list of required st... nodes for the current kernel...
[    5.838412] systemd[1]: Listening on Device-mapper event daemon FIFOs.
[[0;32m  OK  [0m] Listening on Device-mapper event daemon FIFOs.
[    5.841727] systemd[1]: Starting Monitoring of LVM2 mirrors, snapshots etc. using dmeventd or progress polling...
         Starting Monitoring of LVM2 mirrors... dmeventd or progress polling...
[    5.847171] systemd[1]: Listening on /dev/initctl Compatibility Named Pipe.
[[0;32m  OK  [0m] Listening on /dev/initctl Compatibility Named Pipe.
[    5.853043] systemd[1]: Created slice User and Session Slice.
[[0;32m  OK  [0m] Created slice User and Session Slice.
[    5.861321] systemd[1]: Reached target Slices.
[    5.864403] iscsi: registered transport (tcp)
[[0;32m  OK  [0m] Reached target Slices.
[    5.867240] systemd[1]: Reached target Swap.
[[0;32m  OK  [0m] Reached target Swap.
[    5.870067] systemd[1]: Started Trigger resolvconf update for networkd DNS.
[[0;32m  OK  [0m] Started Trigger resolvconf update for networkd DNS.
[    5.883032] systemd[1]: Mounting Debug File System...
         Mounting Debug File System...
[    5.885477] systemd[1]: Set up automount Arbitrary Executable File Formats File System Automount Point.
[[0;32m  OK  [0m] Set up automount Arbitrary Executab...ats File System Automount Point.
[    5.892452] systemd[1]: Reached target Encrypted Volumes.
[[0;32m  OK  [0m] Reached target Encrypted Volumes.
[    5.895065] systemd[1]: Listening on LVM2 poll daemon socket.
[[0;32m  OK  [0m] Listening on LVM2 poll daemon socket.
[    5.899093] systemd[1]: Created slice system-serial\x2dgetty.slice.
[[0;32m  OK  [0m] Created slice system-serial\x2dgetty.slice.
[    5.904676] systemd[1]: Listening on fsck to fsckd communication Socket.
[[0;32m  OK  [0m] Listening on fsck to fsckd communication Socket.
[    5.908198] systemd[1]: Starting File System Check on Root Device...
         Starting File System Check on Root Device...
[    5.912216] systemd[1]: Mounted Huge Pages File System.
[[0;32m  OK  [0m] Mounted Huge Pages File System.
[    5.914773] systemd[1]: Mounted POSIX Message Queue File System.
[[0;32m  OK  [0m] Mounted POSIX Message Queue File System.
[    5.917224] systemd[1]: Mounted Debug File System.
[[0;32m  OK  [0m] Mounted Debug File System.
[    5.919806] systemd[1]: Started Journal Service.
[[0;32m  OK  [0m] Started Journal Service.
[[0;32m  OK  [0m] Started Uncomplicated firewall.
[[0;32m  OK  [0m] Started Set console keymap.
[    5.936063] iscsi: registered transport (iser)
[[0;32m  OK  [0m] Started Load Kernel Modules.
[[0;32m  OK  [0m] Started Create list of required sta...ce nodes for the current kernel.
[[0;32m  OK  [0m] Started File System Check on Root Device.
[[0;32m  OK  [0m] Started Nameserver information manager.
[[0;32m  OK  [0m] Started File System Check Daemon to report status.
[[0;32m  OK  [0m] Started LVM2 metadata daemon.
         Starting Remount Root and Kernel File Systems...
         Starting Create Static Device Nodes in /dev...
         Starting Apply Kernel Variables...
         Mounting FUSE Control File System...
[[0;32m  OK  [0m] Mounted FUSE Control File System.
[    5.975336] EXT4-fs (sda1): re-mounted. Opts: (null)
[[0;32m  OK  [0m] Started Remount Root and Kernel File Systems.
         Starting Load/Save Random Seed...
         Starting udev Coldplug all Devices...
         Starting Flush Journal to Persistent Storage...
[[0;32m  OK  [0m] Started Apply Kernel Variables.
[[0;32m  OK  [0m] Started Load/Save Random Seed.
[[0;32m  OK  [0m] Started Flush Journal to Persistent Storage.
[[0;32m  OK  [0m] Started Create Static Device Nodes in /dev.
         Starting udev Kernel Device Manager...
[[0;32m  OK  [0m] Started udev Coldplug all Devices.
[[0;32m  OK  [0m] Started udev Kernel Device Manager.
[[0;32m  OK  [0m] Started Dispatch Password Requests to Console Directory Watch.
[[0;32m  OK  [0m] Found device /dev/ttyS0.
[[0;32m  OK  [0m] Listening on Load/Save RF Kill Switch Status /dev/rfkill Watch.
[[0;32m  OK  [0m] Started Monitoring of LVM2 mirrors,...ng dmeventd or progress polling.
[[0;32m  OK  [0m] Reached target Local File Systems (Pre).
[[0;32m  OK  [0m] Reached target Local File Systems.
         Starting Set console font and keymap...
         Starting Commit a transient machine-id on disk...
         Starting LSB: AppArmor initialization...
         Starting Tell Plymouth To Write Out Runtime Data...
         Starting Create Volatile Files and Directories...
         Starting Initial cloud-init job (pre-networking)...
[[0;32m  OK  [0m] Started Commit a transient machine-id on disk.
[[0;32m  OK  [0m] Started Tell Plymouth To Write Out Runtime Data.
[[0;32m  OK  [0m] Started Create Volatile Files and Directories.
         Starting Update UTMP about System Boot/Shutdown...
[[0;32m  OK  [0m] Started Update UTMP about System Boot/Shutdown.
[[0;32m  OK  [0m] Started Set console font and keymap.
[[0;32m  OK  [0m] Created slice system-getty.slice.
[    8.026574] cloud-init[659]: Cloud-init v. 21.1-19-gbad84ad4-0ubuntu1~16.04.2 running 'init-local' at Tue, 28 Jun 2022 06:26:18 +0000. Up 7.58 seconds.
[[0;32m  OK  [0m] Started Initial cloud-init job (pre-networking).
[[0;32m  OK  [0m] Reached target Network (Pre).
[[0;32m  OK  [0m] Started LSB: AppArmor initialization.
         Starting Raise network interfaces...
         Starting Load AppArmor profiles managed internally by snapd...
[[0;32m  OK  [0m] Started Load AppArmor profiles managed internally by snapd.
[[0;32m  OK  [0m] Started Raise network interfaces.
         Starting Initial cloud-init job (metadata service crawler)...
[[0;32m  OK  [0m] Reached target Network.
[    9.717260] cloud-init[959]: Cloud-init v. 21.1-19-gbad84ad4-0ubuntu1~16.04.2 running 'init' at Tue, 28 Jun 2022 06:26:19 +0000. Up 9.13 seconds.
[    9.719526] cloud-init[959]: ci-info: ++++++++++++++++++++++++++++++++++++++Net device info+++++++++++++++++++++++++++++++++++++++
[    9.723070] cloud-init[959]: ci-info: +--------+-------+----------------------------+---------------+--------+-------------------+
[    9.724995] cloud-init[959]: ci-info: | Device |   Up  |          Address           |      Mask     | Scope  |     Hw-Address    |
[    9.726972] cloud-init[959]: ci-info: +--------+-------+----------------------------+---------------+--------+-------------------+
[    9.728927] cloud-init[959]: ci-info: | enp0s3 |  True |         10.0.2.15          | 255.255.255.0 | global | 02:be:82:6b:cc:1d |
[    9.730827] cloud-init[959]: ci-info: | enp0s3 |  True | fe80::be:82ff:fe6b:cc1d/64 |       .       |  link  | 02:be:82:6b:cc:1d |
[    9.732730] cloud-init[959]: ci-info: | enp0s8 | False |             .              |       .       |   .    | 08:00:27:96:55:66 |
[    9.734636] cloud-init[959]: ci-info: |   lo   |  True |         127.0.0.1          |   255.0.0.0   |  host  |         .         |
[    9.736718] cloud-init[959]: ci-info: |   lo   |  True |          ::1/128           |       .       |  host  |         .         |
[    9.740796] cloud-init[959]: ci-info: +--------+-------+----------------------------+---------------+--------+-------------------+
[    9.742790] cloud-init[959]: ci-info: +++++++++++++++++++++++++++Route IPv4 info++++++++++++++++++++++++++++
[    9.744513] cloud-init[959]: ci-info: +-------+-------------+----------+---------------+-----------+-------+
[    9.746294] cloud-init[959]: ci-info: | Route | Destination | Gateway  |    Genmask    | Interface | Flags |
[    9.749503] cloud-init[959]: ci-info: +-------+-------------+----------+---------------+-----------+-------+
[    9.751472] cloud-init[959]: ci-info: |   0   |   0.0.0.0   | 10.0.2.2 |    0.0.0.0    |   enp0s3  |   UG  |
[    9.753368] cloud-init[959]: ci-info: |   1   |   10.0.2.0  | 0.0.0.0  | 255.255.255.0 |   enp0s3  |   U   |
[    9.755257] cloud-init[959]: ci-info: +-------+-------------+----------+---------------+-----------+-------+
[    9.757009] cloud-init[959]: ci-info: +++++++++++++++++++Route IPv6 info+++++++++++++++++++
[    9.758577] cloud-init[959]: ci-info: +-------+-------------+---------+-----------+-------+
[    9.760247] cloud-init[959]: ci-info: | Route | Destination | Gateway | Interface | Flags |
[    9.761924] cloud-init[959]: ci-info: +-------+-------------+---------+-----------+-------+
[    9.763755] cloud-init[959]: ci-info: |   0   |  fe80::/64  |    ::   |   enp0s3  |   U   |
[    9.766052] cloud-init[959]: ci-info: |   3   |   ff00::/8  |    ::   |   enp0s3  |   U   |
[    9.767763] cloud-init[959]: ci-info: +-------+-------------+---------+-----------+-------+
[    9.769620] cloud-init[959]: Generating public/private rsa key pair.
[    9.771012] cloud-init[959]: Your identification has been saved in /etc/ssh/ssh_host_rsa_key.
[    9.780811] cloud-init[959]: Your public key has been saved in /etc/ssh/ssh_host_rsa_key.pub.
[    9.782333] cloud-init[959]: The key fingerprint is:
[    9.783467] cloud-init[959]: SHA256:jrUmGxlXv2xxWXYTNSDc/DiUOfWPEE7EqoqdNoGJnBk root@ubuntu-xenial
[    9.785054] cloud-init[959]: The key's randomart image is:
[    9.786227] cloud-init[959]: +---[RSA 2048]----+
[    9.787323] cloud-init[959]: |          .+*.=+o|
[    9.788389] cloud-init[959]: |           +oO  +|
[    9.789425] cloud-init[959]: |          ..+ +.=|
[    9.791506] cloud-init[959]: |  E      ... + *+|
[    9.792767] cloud-init[959]: | . = o. S.  o = .|
[    9.794131] cloud-init[959]: |  = o .B.. . +   |
[    9.795390] cloud-init[959]: |     o=++   +    |
[    9.796738] cloud-init[959]: |    . *=   .     |[[0;32m  OK  [0m] Started Initial cloud-init job (metadata service crawler).
[[0;32m  OK  [0m] Reached target System Initialization.

[    9.805090] cloud-init[959]: |     ...         |
[    9.805362] cloud-init[959]: +----[SHA256]-----+
[    9.805858] cloud-init[959]: Generating public/private dsa key pair.
[    9.806357] cloud-init[959]: Your identification has been saved in /etc/ssh/ssh_host_dsa_key.[
[0;32m  OK  [0m] Listening on ACPID Listen Socket.
[    9.806876] cloud-init[959]: Your public key has been saved in /etc/ssh/ssh_host_dsa_key.pub.
[    9.810466] cloud-init[959]: The key fingerprint is:
[    9.810761] cloud-init[959]: SHA256:RBeB9fDcXJ8qngxNqdANPvUQB90rrX/n0MnEptcyem8 root@ubuntu-xenial
[    9.811014] cloud-init[959]: The key's randomart image is:
[    9.811230] cloud-init[959]: +---[DSA 1024]----+
[    9.811357] cloud-init[959]: |        .+*B+.. .|
[    9.811565] cloud-init[959]: |       .+.+==+ oo|
[    9.812101] cloud-init[959]: |       ..+ ++.+.o|
[    9.812435] cloud-init[959]: |       .. =  .oo |
[    9.813152] cloud-init[959]: |        So o .o+ |
[    9.813675] cloud-init[959]: |          + o.=.o|
[    9.814155] cloud-init[959]: |           + .=+o|
[    9.814679] cloud-init[959]: |             .o=E|
[    9.815173] cloud-init[959]: |            .. +=|
[    9.815715] cloud-init[959]: +----[SHA256]-----+
[    9.816081] cloud-init[959]: Generating public/private ecdsa key pair.
[    9.816397] cloud-init[959]: Your identification has been saved in /etc/ssh/ssh_host_ecdsa_key.
[    9.816613] cloud-init[959]: Your public key has been saved in /etc/ssh/ssh_host_ecdsa_key.pub.
[    9.816718] cloud-init[959]: The key fingerprint is:
[    9.816937] cloud-init[959]: SHA256:Uidd/2oieWkQfU3r66kMijEPpGo2TUa4CRcPpDDwW+M root@ubuntu-xenial
[    9.817176] cloud-init[959]: The key's randomart image is:
[    9.817290] cloud-init[959]: +---[ECDSA 256]---+
[    9.817417] cloud-init[959]: |= ..        .   .|
[    9.817555] cloud-init[959]: |.o.o     . o . o.|
[    9.818090] cloud-init[959]: | .. B   o + . o..|
[    9.818434] cloud-init[959]: | . * + . o . ... |
[    9.818849] cloud-init[959]: |  + E ..S .    ..|
[    9.819088] cloud-init[959]: |   o oo.   o . ..|
[    9.819306] cloud-init[959]: |    +. +  o.= o. |
[    9.819422] cloud-init[959]: |   +..  * .+oo. .|
[    9.819753] cloud-init[959]: |  o..  . o   o.o |
[    9.820202] cloud-init[959]: +----[SHA256]-----+
[    9.820711] cloud-init[959]: Generating public/private ed25519 key pair.
[    9.820919] cloud-init[959]: Your identification has been saved in /etc/ssh/ssh_host_ed25519_key.
[    9.821030] cloud-init[959]: Your public key has been saved in /etc/ssh/ssh_host_ed25519_key.pub.
[    9.821156] cloud-init[959]: The key fingerprint is:
[    9.821367] cloud-init[959]: SHA256:8gSedRsNaLXwz2bP+UhENsFj1RoPiSZu0t4P/P4qr44 root@ubuntu-xenial
[    9.821602] cloud-init[959]: The key's randomart image is:
[    9.821825] cloud-init[959]: +--[ED25519 256]--+
[    9.821931] cloud-init[959]: |        .oo  o.oo|
[    9.822050] cloud-init[959]: |        oo.+o B..|
[    9.822297] cloud-init[959]: |      ...o=o..+* |
[    9.822409] cloud-init[959]: |     . +..+= o...|
[    9.822829] cloud-init[959]: |      + S+.o= .  |
[    9.823194] cloud-init[959]: |       +  .o++ . |
[    9.823693] cloud-init[959]: |        .    +=  |
[    9.823793] cloud-init[959]: |           ...oo |
[    9.823989] cloud-init[959]: |          E.o==oo|
[    9.824173] cloud-init[959]: +----[SHA256]-----+
[[0;32m  OK  [0m] Started Message of the Day.
[[0;32m  OK  [0m] Started Ubuntu Advantage update messaging.
         Starting Socket activation for snappy daemon.
[[0;32m  OK  [0m] Listening on D-Bus System Message Bus Socket.
[[0;32m  OK  [0m] Listening on UUID daemon activation socket.
[[0;32m  OK  [0m] Started Daily apt download activities.
[[0;32m  OK  [0m] Started Daily apt upgrade and clean activities.
[[0;32m  OK  [0m] Started ACPI Events Check.
[[0;32m  OK  [0m] Reached target Paths.
         Starting LXD - unix socket.
[[0;32m  OK  [0m] Started Daily Cleanup of Temporary Directories.
[[0;32m  OK  [0m] Reached target Timers.
[[0;32m  OK  [0m] Reached target Cloud-config availability.
[[0;32m  OK  [0m] Reached target Network is Online.
         Starting iSCSI initiator daemon (iscsid)...
[[0;32m  OK  [0m] Listening on Socket activation for snappy daemon.
[[0;32m  OK  [0m] Listening on LXD - unix socket.
[[0;32m  OK  [0m] Reached target Sockets.
[[0;32m  OK  [0m] Reached target Basic System.
[[0;32m  OK  [0m] Started FUSE filesystem for LXC.
[[0;32m  OK  [0m] Started D-Bus System Message Bus.
         Starting LXD - container startup/shutdown...
         Starting LSB: Record successful boot for GRUB...
         Starting /etc/rc.local Compatibility...
         Starting Pollinate to seed the pseudo random number generator...
         Starting Accounts Service...
         Starting System Logging Service...
[[0;32m  OK  [0m] Started ACPI event daemon.
[[0;32m  OK  [0m] Started Regular background program processing daemon.
         Starting LSB: MD monitoring daemon...
         Starting Login Service...
[[0;32m  OK  [0m] Started Deferred execution scheduler.
         Starting Virtualbox guest utils...
         Starting Snap Daemon...
[[0;32m  OK  [0m] Started /etc/rc.local Compatibility.
[[0;32m  OK  [0m] Started iSCSI initiator daemon (iscsid).
[[0;32m  OK  [0m] Started System Logging Service.
         Starting Login to default iSCSI targets...
[[0;32m  OK  [0m] Started Login Service.
[[0;32m  OK  [0m] Started Unattended Upgrades Shutdown.
[[0;32m  OK  [0m] Started LSB: MD monitoring daemon.
[[0;32m  OK  [0m] Started LSB: Record successful boot for GRUB.
[[0;32m  OK  [0m] Started Login to default iSCSI targets.
[[0;32m  OK  [0m] Reached target Remote File Systems (Pre).
[[0;32m  OK  [0m] Reached target Remote File Systems.
         Starting LSB: automatic crash report generation...
         Starting LSB: daemon to balance interrupts for SMP systems...
         Starting LSB: Set the CPU Frequency Scaling governor to "ondemand"...
         Starting Permit User Sessions...
[[0;32m  OK  [0m] Started Permit User Sessions.
         Starting Terminate Plymouth Boot Screen...
         Starting Hold until boot process finishes up...
         Starting Authenticate and Authorize Users to Run Privileged Tasks...
[[0;32m  OK  [0m] Started Hold until boot process finishes up.
[[0;32m  OK  [0m] Started Getty on tty1.
         Starting Set console scheme...
[[0;32m  OK  [0m] Started Serial Getty on ttyS0.
[[0;32m  OK  [0m] Reached target Login Prompts.
[[0;32m  OK  [0m] Started Set console scheme.
[[0;32m  OK  [0m] Started LSB: automatic crash report generation.
[[0;32m  OK  [0m] Started Terminate Plymouth Boot Screen.
[[0;32m  OK  [0m] Started Authenticate and Authorize Users to Run Privileged Tasks.
[[0;32m  OK  [0m] Started LSB: daemon to balance interrupts for SMP systems.
[[0;32m  OK  [0m] Started LSB: Set the CPU Frequency Scaling governor to "ondemand".
[[0;32m  OK  [0m] Started Accounts Service.
[[0;32m  OK  [0m] Started LXD - container startup/shutdown.
[[0;32m  OK  [0m] Started Virtualbox guest utils.
[[0;32m  OK  [0m] Started Snap Daemon.
         Starting Wait until snapd is fully seeded...
[[0;32m  OK  [0m] Started Pollinate to seed the pseudo random number generator.
         Starting OpenBSD Secure Shell server...
[[0;32m  OK  [0m] Started Wait until snapd is fully seeded.
         Starting Apply the settings specified in cloud-config...
[[0;32m  OK  [0m] Started OpenBSD Secure Shell server.
[[0;32m  OK  [0m] Reached target Multi-User System.
[[0;32m  OK  [0m] Reached target Graphical Interface.
         Starting Update UTMP about System Runlevel Changes...
[[0;32m  OK  [0m] Started Update UTMP about System Runlevel Changes.
[   11.393370] cloud-init[1294]: Generating locales (this might take a while)...
[   12.308312] cloud-init[1294]:   en_US.UTF-8... done
[   12.309723] cloud-init[1294]: Generation complete.
[[0;32m  OK  [0m] Created slice User Slice of vagrant.
         Starting User Manager for UID 1000...
[[0;32m  OK  [0m] Started Session 1 of user vagrant.
[[0;32m  OK  [0m] Started User Manager for UID 1000.
[   12.631393] cloud-init[1294]: Cloud-init v. 21.1-19-gbad84ad4-0ubuntu1~16.04.2 running 'modules:config' at Tue, 28 Jun 2022 06:26:21 +0000. Up 11.24 seconds.
[[0;32m  OK  [0m] Started Apply the settings specified in cloud-config.
         Starting Execute cloud user/final scripts...
ci-info: no authorized SSH keys fingerprints found for user ubuntu.
<14>Jun 28 06:26:24 ec2: 
<14>Jun 28 06:26:24 ec2: #############################################################
<14>Jun 28 06:26:24 ec2: -----BEGIN SSH HOST KEY FINGERPRINTS-----
<14>Jun 28 06:26:24 ec2: 1024 SHA256:RBeB9fDcXJ8qngxNqdANPvUQB90rrX/n0MnEptcyem8 root@ubuntu-xenial (DSA)
<14>Jun 28 06:26:24 ec2: 256 SHA256:Uidd/2oieWkQfU3r66kMijEPpGo2TUa4CRcPpDDwW+M root@ubuntu-xenial (ECDSA)
<14>Jun 28 06:26:24 ec2: 256 SHA256:8gSedRsNaLXwz2bP+UhENsFj1RoPiSZu0t4P/P4qr44 root@ubuntu-xenial (ED25519)
<14>Jun 28 06:26:24 ec2: 2048 SHA256:jrUmGxlXv2xxWXYTNSDc/DiUOfWPEE7EqoqdNoGJnBk root@ubuntu-xenial (RSA)
<14>Jun 28 06:26:24 ec2: -----END SSH HOST KEY FINGERPRINTS-----
<14>Jun 28 06:26:24 ec2: #############################################################
-----BEGIN SSH HOST KEY KEYS-----
ecdsa-sha2-nistp256 AAAAE2VjZHNhLXNoYTItbmlzdHAyNTYAAAAIbmlzdHAyNTYAAABBBCIN5iL+cAqmjCPNaXUmcMBhRhO3gZWSeLZNpUQ47lJVrIvo0lAc9gdPgdxeB/Lurj/LxsT4Ef9TJERVbRZjpPk= root@ubuntu-xenial
ssh-ed25519 AAAAC3NzaC1lZDI1NTE5AAAAINBAUqBDQ37uMn48VA87IgiwRGOXUGTB0x/XIrP8k0gY root@ubuntu-xenial
ssh-rsa AAAAB3NzaC1yc2EAAAADAQABAAABAQDHwbNPclNG8nRNKMEmcr3Q9dhrwXlYrBC93BHLCFS3hUo/NKwRmLFbTZ6nVgzVJwc6Egate75Oefk/RSQbEHGbvVyxh1pBNNaiujAUZpOM0+NsNGKxLyfoIF/hvNYgcIkkmKU2mEgnWp0gfal0PL0IfZzF6gaY1j6AOkt0JUUje+J7CD6LPNXrdDGe8BjsLnK8Q0p6UqXP+C9R6DHUwUHkDUTXeY4kLpGRH0WfTtKMMF45FJE3IL3wxVFlkW9afcRAKowgVRhoEE5HQp393XL3U+RW0V86GcnGyFpJoBrZhFw4LOlc9W4YL4rz+/thrCIZavhSZNmYuYlcJaKL53kD root@ubuntu-xenial
-----END SSH HOST KEY KEYS-----
[   13.367038] cloud-init[1384]: Cloud-init v. 21.1-19-gbad84ad4-0ubuntu1~16.04.2 running 'modules:final' at Tue, 28 Jun 2022 06:26:23 +0000. Up 13.18 seconds.
[   13.369007] cloud-init[1384]: ci-info: no authorized SSH keys fingerprints found for user ubuntu.
[   13.370341] cloud-init[1384]: Cloud-init v. 21.1-19-gbad84ad4-0ubuntu1~16.04.2 finished at Tue, 28 Jun 2022 06:26:24 +0000. Datasource DataSourceNoCloud [seed=/dev/sdb][dsmode=net].  Up 13.35 seconds
[[0;32m  OK  [0m] Started Execute cloud user/final scripts.
[[0;32m  OK  [0m] Reached target Cloud-init target.

Ubuntu 16.04.7 LTS ubuntu-xenial ttyS0

ubuntu-xenial login: 